SF:lib/src/kgap.dart
DA:21,2
DA:28,1
DA:29,2
DA:30,2
DA:31,1
DA:35,2
DA:36,1
DA:40,2
DA:41,1
DA:45,2
DA:46,1
DA:51,2
DA:52,1
DA:56,2
DA:57,1
DA:61,2
DA:62,1
DA:66,2
DA:67,1
DA:71,2
DA:72,1
DA:76,2
DA:77,1
DA:81,2
DA:82,1
DA:87,2
DA:88,1
DA:93,2
DA:94,1
DA:103,1
DA:105,4
LF:31
LH:31
end_of_record
SF:lib/src/space.dart
DA:40,1
DA:47,1
DA:49,1
DA:54,1
DA:55,1
DA:61,1
DA:66,1
DA:67,1
DA:71,3
DA:74,1
DA:78,4
DA:82,4
DA:86,4
DA:90,3
DA:94,4
DA:98,4
DA:102,4
DA:106,4
DA:110,4
DA:114,4
DA:118,4
DA:122,4
DA:126,4
DA:129,1
DA:142,2
DA:146,2
DA:150,2
DA:154,2
DA:158,2
DA:162,2
DA:166,2
DA:170,2
DA:174,2
DA:178,2
DA:182,2
LF:35
LH:35
end_of_record
